<?xml version="1.0" encoding="UTF-8" ?>
<testsuite tests="1" failures="1" name="com.mycompany.personaltech.ValidationTest" time="26.214" errors="0" skipped="0">
  <properties>
[...]
</properties>
  <testcase classname="com.mycompany.personaltech.ValidationTest" name="Test_01" time="0.57">
    <failure message="Transaction rolled back because transaction was set to RollbackOnly." type="java.lang.AssertionError">java.lang.AssertionError: Transaction rolled back because transaction was set to RollbackOnly.
	at org.junit.Assert.fail(Assert.java:88)
	at com.mycompany.personaltech.ValidationTest.commitTransaction(ValidationTest.java:83)
	at com.mycompany.personaltech.ValidationTest.tearDown(ValidationTest.java:66)
	at sun.reflect.NativeMethodAccessorImpl.invoke0(Native Method)
	at sun.reflect.NativeMethodAccessorImpl.invoke(NativeMethodAccessorImpl.java:62)
	at sun.reflect.DelegatingMethodAccessorImpl.invoke(DelegatingMethodAccessorImpl.java:43)
	at java.lang.reflect.Method.invoke(Method.java:498)
	at org.junit.runners.model.FrameworkMethod$1.runReflectiveCall(FrameworkMethod.java:47)
	at org.junit.internal.runners.model.ReflectiveCallable.run(ReflectiveCallable.java:12)
	at org.junit.runners.model.FrameworkMethod.invokeExplosively(FrameworkMethod.java:44)
	at org.junit.internal.runners.statements.RunAfters.evaluate(RunAfters.java:33)
	at org.junit.runners.ParentRunner.runLeaf(ParentRunner.java:271)
	at org.junit.runners.BlockJUnit4ClassRunner.runChild(BlockJUnit4ClassRunner.java:70)
	at org.junit.runners.BlockJUnit4ClassRunner.runChild(BlockJUnit4ClassRunner.java:50)
	at org.junit.runners.ParentRunner$3.run(ParentRunner.java:238)
	at org.junit.runners.ParentRunner$1.schedule(ParentRunner.java:63)
	at org.junit.runners.ParentRunner.runChildren(ParentRunner.java:236)
	at org.junit.runners.ParentRunner.access$000(ParentRunner.java:53)
	at org.junit.runners.ParentRunner$2.evaluate(ParentRunner.java:229)
	at org.junit.internal.runners.statements.RunBefores.evaluate(RunBefores.java:26)
	at org.junit.internal.runners.statements.RunAfters.evaluate(RunAfters.java:27)
	at org.junit.runners.ParentRunner.run(ParentRunner.java:309)
	at org.apache.maven.surefire.junit4.JUnit4TestSet.execute(JUnit4TestSet.java:45)
	at org.apache.maven.surefire.junit4.JUnit4Provider.executeTestSet(JUnit4Provider.java:123)
	at org.apache.maven.surefire.junit4.JUnit4Provider.invoke(JUnit4Provider.java:104)
	at sun.reflect.NativeMethodAccessorImpl.invoke0(Native Method)
	at sun.reflect.NativeMethodAccessorImpl.invoke(NativeMethodAccessorImpl.java:62)
	at sun.reflect.DelegatingMethodAccessorImpl.invoke(DelegatingMethodAccessorImpl.java:43)
	at java.lang.reflect.Method.invoke(Method.java:498)
	at org.apache.maven.surefire.util.ReflectionUtils.invokeMethodWithArray(ReflectionUtils.java:164)
	at org.apache.maven.surefire.booter.ProviderFactory$ProviderProxy.invoke(ProviderFactory.java:110)
	at org.apache.maven.surefire.booter.SurefireStarter.invokeProvider(SurefireStarter.java:175)
	at org.apache.maven.surefire.booter.SurefireStarter.runSuitesInProcessWhenForked(SurefireStarter.java:107)
	at org.apache.maven.surefire.booter.ForkedBooter.main(ForkedBooter.java:68)
</failure>
    <system-out>[EL Config]: metadata: 2018-05-10 09:49:26.227--ServerSession(1990451863)--Thread(Thread[main,5,main])--The access type for the persistent class [class com.mycompany.personaltech.Exercicio] is set to [FIELD].
[EL Config]: metadata: 2018-05-10 09:49:26.303--ServerSession(1990451863)--Thread(Thread[main,5,main])--The access type for the persistent class [class com.mycompany.personaltech.RespostasAvaliacao] is set to [FIELD].
[EL Config]: metadata: 2018-05-10 09:49:26.321--ServerSession(1990451863)--Thread(Thread[main,5,main])--The target entity (reference) class for the many to one mapping element [field pergunta] is being defaulted to: class com.mycompany.personaltech.Pergunta.
[EL Config]: metadata: 2018-05-10 09:49:26.323--ServerSession(1990451863)--Thread(Thread[main,5,main])--The target entity (reference) class for the many to one mapping element [field avaliacao] is being defaulted to: class com.mycompany.personaltech.Avaliacao.
[EL Config]: metadata: 2018-05-10 09:49:26.324--ServerSession(1990451863)--Thread(Thread[main,5,main])--The access type for the persistent class [class com.mycompany.personaltech.Usuario] is set to [FIELD].
[EL Config]: metadata: 2018-05-10 09:49:26.328--ServerSession(1990451863)--Thread(Thread[main,5,main])--The access type for the persistent class [class com.mycompany.personaltech.Aluno] is set to [FIELD].
[EL Config]: metadata: 2018-05-10 09:49:26.333--ServerSession(1990451863)--Thread(Thread[main,5,main])--The target entity (reference) class for the one to many mapping element [field exercicios] is being defaulted to: class com.mycompany.personaltech.Exercicio.
[EL Config]: metadata: 2018-05-10 09:49:26.334--ServerSession(1990451863)--Thread(Thread[main,5,main])--The target entity (reference) class for the one to many mapping element [field avaliacoes] is being defaulted to: class com.mycompany.personaltech.Avaliacao.
[EL Config]: metadata: 2018-05-10 09:49:26.341--ServerSession(1990451863)--Thread(Thread[main,5,main])--The target class (reference) class for the element collection mapping element [field telefones] is being defaulted to: class java.lang.String.
[EL Config]: metadata: 2018-05-10 09:49:26.341--ServerSession(1990451863)--Thread(Thread[main,5,main])--The access type for the persistent class [class com.mycompany.personaltech.PersonalTrainer] is set to [FIELD].
[EL Config]: metadata: 2018-05-10 09:49:26.342--ServerSession(1990451863)--Thread(Thread[main,5,main])--The target entity (reference) class for the one to many mapping element [field alunos] is being defaulted to: class com.mycompany.personaltech.Aluno.
[EL Config]: metadata: 2018-05-10 09:49:26.343--ServerSession(1990451863)--Thread(Thread[main,5,main])--The target class (reference) class for the element collection mapping element [field telefones] is being defaulted to: class java.lang.String.
[EL Config]: metadata: 2018-05-10 09:49:26.343--ServerSession(1990451863)--Thread(Thread[main,5,main])--The access type for the persistent class [class com.mycompany.personaltech.Avaliacao] is set to [FIELD].
[EL Config]: metadata: 2018-05-10 09:49:26.344--ServerSession(1990451863)--Thread(Thread[main,5,main])--The target entity (reference) class for the many to one mapping element [field aluno] is being defaulted to: class com.mycompany.personaltech.Aluno.
[EL Config]: metadata: 2018-05-10 09:49:26.345--ServerSession(1990451863)--Thread(Thread[main,5,main])--The target entity (reference) class for the one to many mapping element [field respostas] is being defaulted to: class com.mycompany.personaltech.RespostasAvaliacao.
[EL Config]: metadata: 2018-05-10 09:49:26.347--ServerSession(1990451863)--Thread(Thread[main,5,main])--The access type for the persistent class [class com.mycompany.personaltech.Pergunta] is set to [FIELD].
[EL Config]: metadata: 2018-05-10 09:49:26.347--ServerSession(1990451863)--Thread(Thread[main,5,main])--The target entity (reference) class for the one to many mapping element [field respostas] is being defaulted to: class com.mycompany.personaltech.RespostasAvaliacao.
[EL Config]: metadata: 2018-05-10 09:49:26.348--ServerSession(1990451863)--Thread(Thread[main,5,main])--The access type for the persistent class [class com.mycompany.personaltech.Endereco] is set to [FIELD].
[EL Config]: metadata: 2018-05-10 09:49:26.351--ServerSession(1990451863)--Thread(Thread[main,5,main])--The alias name for the entity class [class com.mycompany.personaltech.Exercicio] is being defaulted to: Exercicio.
[EL Config]: metadata: 2018-05-10 09:49:26.4--ServerSession(1990451863)--Thread(Thread[main,5,main])--The column name for element [id] is being defaulted to: ID.
[EL Config]: metadata: 2018-05-10 09:49:26.401--ServerSession(1990451863)--Thread(Thread[main,5,main])--The alias name for the entity class [class com.mycompany.personaltech.RespostasAvaliacao] is being defaulted to: RespostasAvaliacao.
[EL Config]: metadata: 2018-05-10 09:49:26.402--ServerSession(1990451863)--Thread(Thread[main,5,main])--The column name for element [id] is being defaulted to: ID.
[EL Config]: metadata: 2018-05-10 09:49:26.402--ServerSession(1990451863)--Thread(Thread[main,5,main])--The alias name for the entity class [class com.mycompany.personaltech.Aluno] is being defaulted to: Aluno.
[EL Config]: metadata: 2018-05-10 09:49:26.403--ServerSession(1990451863)--Thread(Thread[main,5,main])--The alias name for the entity class [class com.mycompany.personaltech.Usuario] is being defaulted to: Usuario.
[EL Config]: metadata: 2018-05-10 09:49:26.408--ServerSession(1990451863)--Thread(Thread[main,5,main])--The column name for element [id] is being defaulted to: ID.
[EL Config]: metadata: 2018-05-10 09:49:26.411--ServerSession(1990451863)--Thread(Thread[main,5,main])--The alias name for the entity class [class com.mycompany.personaltech.PersonalTrainer] is being defaulted to: PersonalTrainer.
[EL Config]: metadata: 2018-05-10 09:49:26.412--ServerSession(1990451863)--Thread(Thread[main,5,main])--The alias name for the entity class [class com.mycompany.personaltech.Avaliacao] is being defaulted to: Avaliacao.
[EL Config]: metadata: 2018-05-10 09:49:26.412--ServerSession(1990451863)--Thread(Thread[main,5,main])--The column name for element [id] is being defaulted to: ID.
[EL Config]: metadata: 2018-05-10 09:49:26.413--ServerSession(1990451863)--Thread(Thread[main,5,main])--The alias name for the entity class [class com.mycompany.personaltech.Pergunta] is being defaulted to: Pergunta.
[EL Config]: metadata: 2018-05-10 09:49:26.413--ServerSession(1990451863)--Thread(Thread[main,5,main])--The column name for element [id] is being defaulted to: ID.
[EL Config]: metadata: 2018-05-10 09:49:26.451--ServerSession(1990451863)--Thread(Thread[main,5,main])--The primary key column name for the mapping element [field telefones] is being defaulted to: ID.
[EL Config]: metadata: 2018-05-10 09:49:26.456--ServerSession(1990451863)--Thread(Thread[main,5,main])--The primary key column name for the mapping element [field telefones] is being defaulted to: ID.
[EL Info]: 2018-05-10 09:49:27.683--ServerSession(1990451863)--Thread(Thread[main,5,main])--EclipseLink, version: Eclipse Persistence Services - 2.5.2.v20140319-9ad6abd
[EL Fine]: connection: 2018-05-10 09:49:29.249--Thread(Thread[main,5,main])--Detected database platform: org.eclipse.persistence.platform.database.MySQLPlatform
[EL Config]: connection: 2018-05-10 09:49:29.317--ServerSession(1990451863)--Connection(69329761)--Thread(Thread[main,5,main])--connecting(DatabaseLogin(
	platform=&gt;MySQLPlatform
	user name=&gt; &quot;root&quot;
	datasource URL=&gt; &quot;jdbc:mysql://localhost:3306/PERSONALTECH&quot;
))
[EL Config]: connection: 2018-05-10 09:49:29.337--ServerSession(1990451863)--Connection(310016558)--Thread(Thread[main,5,main])--Connected: jdbc:mysql://localhost:3306/PERSONALTECH
	User: root@localhost
	Database: MySQL  Version: 5.7.22-0ubuntu0.17.10.1
	Driver: MySQL Connector Java  Version: mysql-connector-java-5.1.34 ( Revision: jess.balint@oracle.com-20141014163213-wqbwpf1ok2kvo1om )
[EL Warning]: metadata: 2018-05-10 09:49:29.356--ServerSession(1990451863)--Thread(Thread[main,5,main])--Reverting the lazy setting on the OneToOne or ManyToOne attribute [aluno] for the entity class [class com.mycompany.personaltech.Avaliacao] since weaving was not enabled or did not occur.
[EL Warning]: metadata: 2018-05-10 09:49:29.388--ServerSession(1990451863)--Thread(Thread[main,5,main])--Reverting the lazy setting on the OneToOne or ManyToOne attribute [pergunta] for the entity class [class com.mycompany.personaltech.RespostasAvaliacao] since weaving was not enabled or did not occur.
[EL Warning]: metadata: 2018-05-10 09:49:29.388--ServerSession(1990451863)--Thread(Thread[main,5,main])--Reverting the lazy setting on the OneToOne or ManyToOne attribute [avaliacao] for the entity class [class com.mycompany.personaltech.RespostasAvaliacao] since weaving was not enabled or did not occur.
[EL Info]: connection: 2018-05-10 09:49:29.647--ServerSession(1990451863)--Thread(Thread[main,5,main])--file:/home/john/NetBeansProjects/PersonalTech/target/classes/_PersonalTech_PU login successful
[EL Fine]: sql: 2018-05-10 09:49:29.782--ServerSession(1990451863)--Connection(310016558)--Thread(Thread[main,5,main])--ALTER TABLE TB_EXERCICIO DROP FOREIGN KEY FK_TB_EXERCICIO_ID_ALUNO
[EL Fine]: sql: 2018-05-10 09:49:29.962--ServerSession(1990451863)--Connection(310016558)--Thread(Thread[main,5,main])--ALTER TABLE TB_ALUNO DROP FOREIGN KEY FK_TB_ALUNO_ID_PT
[EL Fine]: sql: 2018-05-10 09:49:30.195--ServerSession(1990451863)--Connection(310016558)--Thread(Thread[main,5,main])--ALTER TABLE TB_ALUNO DROP FOREIGN KEY FK_TB_ALUNO_ID_USUARIO
[EL Fine]: sql: 2018-05-10 09:49:30.307--ServerSession(1990451863)--Connection(310016558)--Thread(Thread[main,5,main])--ALTER TABLE TB_PERSONALTRAINER DROP FOREIGN KEY FK_TB_PERSONALTRAINER_ID_USUARIO
[EL Fine]: sql: 2018-05-10 09:49:30.43--ServerSession(1990451863)--Connection(310016558)--Thread(Thread[main,5,main])--ALTER TABLE TB_AVALIACAO DROP FOREIGN KEY FK_TB_AVALIACAO_ID_ALUNO
[EL Fine]: sql: 2018-05-10 09:49:30.598--ServerSession(1990451863)--Connection(310016558)--Thread(Thread[main,5,main])--ALTER TABLE TB_AV_PERG DROP FOREIGN KEY FK_TB_AV_PERG_ID_AV
[EL Fine]: sql: 2018-05-10 09:49:30.732--ServerSession(1990451863)--Connection(310016558)--Thread(Thread[main,5,main])--ALTER TABLE TB_AV_PERG DROP FOREIGN KEY FK_TB_AV_PERG_ID_PERG
[EL Fine]: sql: 2018-05-10 09:49:30.968--ServerSession(1990451863)--Connection(310016558)--Thread(Thread[main,5,main])--ALTER TABLE TB_TELEFONE_ALUNO DROP FOREIGN KEY FK_TB_TELEFONE_ALUNO_ID_ALUNO
[EL Fine]: sql: 2018-05-10 09:49:31.069--ServerSession(1990451863)--Connection(310016558)--Thread(Thread[main,5,main])--ALTER TABLE TB_TELEFONE_PT DROP FOREIGN KEY FK_TB_TELEFONE_PT_ID_PERSONALTRAINER
[EL Fine]: sql: 2018-05-10 09:49:31.159--ServerSession(1990451863)--Connection(310016558)--Thread(Thread[main,5,main])--DROP TABLE TB_EXERCICIO
[EL Fine]: sql: 2018-05-10 09:49:31.327--ServerSession(1990451863)--Connection(310016558)--Thread(Thread[main,5,main])--DROP TABLE TB_USUARIO
[EL Fine]: sql: 2018-05-10 09:49:31.54--ServerSession(1990451863)--Connection(310016558)--Thread(Thread[main,5,main])--DROP TABLE TB_ALUNO
[EL Fine]: sql: 2018-05-10 09:49:31.796--ServerSession(1990451863)--Connection(310016558)--Thread(Thread[main,5,main])--DROP TABLE TB_PERSONALTRAINER
[EL Fine]: sql: 2018-05-10 09:49:31.998--ServerSession(1990451863)--Connection(310016558)--Thread(Thread[main,5,main])--DROP TABLE TB_AVALIACAO
[EL Fine]: sql: 2018-05-10 09:49:32.234--ServerSession(1990451863)--Connection(310016558)--Thread(Thread[main,5,main])--DROP TABLE TB_AV_PERG
[EL Fine]: sql: 2018-05-10 09:49:32.413--ServerSession(1990451863)--Connection(310016558)--Thread(Thread[main,5,main])--DROP TABLE TB_PERGUNTA
[EL Fine]: sql: 2018-05-10 09:49:32.637--ServerSession(1990451863)--Connection(310016558)--Thread(Thread[main,5,main])--DROP TABLE TB_TELEFONE_ALUNO
[EL Fine]: sql: 2018-05-10 09:49:32.983--ServerSession(1990451863)--Connection(310016558)--Thread(Thread[main,5,main])--DROP TABLE TB_TELEFONE_PT
[EL Fine]: sql: 2018-05-10 09:49:33.216--ServerSession(1990451863)--Connection(310016558)--Thread(Thread[main,5,main])--CREATE TABLE TB_EXERCICIO (ID BIGINT AUTO_INCREMENT NOT NULL, TXT_NOME_EXERCICIO VARCHAR(50) NOT NULL, TXT_TIPO_EXERCICIO VARCHAR(20) NOT NULL, ID_ALUNO BIGINT, PRIMARY KEY (ID))
[EL Fine]: sql: 2018-05-10 09:49:33.612--ServerSession(1990451863)--Connection(310016558)--Thread(Thread[main,5,main])--CREATE TABLE TB_USUARIO (ID BIGINT AUTO_INCREMENT NOT NULL, TXT_TIPO_USUARIO VARCHAR(1), TXT_CPF VARCHAR(14) NOT NULL UNIQUE, DT_NASCIMENTO DATE, TXT_EMAIL VARCHAR(50) NOT NULL, TXT_LOGIN VARCHAR(30) NOT NULL UNIQUE, TXT_NOME VARCHAR(50) NOT NULL, TXT_SENHA VARCHAR(20) NOT NULL, TXT_SEXO VARCHAR(1) NOT NULL, TXT_SOBRENOME VARCHAR(50) NOT NULL, END_TXT_BAIRRO VARCHAR(150) NOT NULL, END_TXT_CEP VARCHAR(20) NOT NULL, END_TXT_CIDADE VARCHAR(50) NOT NULL, END_TXT_COMPLEMENTO VARCHAR(30), END_TXT_ESTADO VARCHAR(2) NOT NULL, END_TXT_LOGRADOURO VARCHAR(150) NOT NULL, END_NUMERO INTEGER NOT NULL, PRIMARY KEY (ID))
[EL Fine]: sql: 2018-05-10 09:49:33.981--ServerSession(1990451863)--Connection(310016558)--Thread(Thread[main,5,main])--CREATE TABLE TB_ALUNO (ID_USUARIO BIGINT NOT NULL, ID_PT BIGINT, PRIMARY KEY (ID_USUARIO))
[EL Fine]: sql: 2018-05-10 09:49:34.451--ServerSession(1990451863)--Connection(310016558)--Thread(Thread[main,5,main])--CREATE TABLE TB_PERSONALTRAINER (ID_USUARIO BIGINT NOT NULL, PRIMARY KEY (ID_USUARIO))
[EL Fine]: sql: 2018-05-10 09:49:34.852--ServerSession(1990451863)--Connection(310016558)--Thread(Thread[main,5,main])--CREATE TABLE TB_AVALIACAO (ID BIGINT AUTO_INCREMENT NOT NULL, DT_AVALIACAO DATE NOT NULL, TXT_NOME_PT VARCHAR(50) NOT NULL, ID_ALUNO BIGINT, PRIMARY KEY (ID))
[EL Fine]: sql: 2018-05-10 09:49:35.399--ServerSession(1990451863)--Connection(310016558)--Thread(Thread[main,5,main])--CREATE TABLE TB_AV_PERG (ID BIGINT AUTO_INCREMENT NOT NULL, TXT_RESP_ALUNO VARCHAR(1000) NOT NULL, ID_AV BIGINT, ID_PERG BIGINT, PRIMARY KEY (ID))
[EL Fine]: sql: 2018-05-10 09:49:35.77--ServerSession(1990451863)--Connection(310016558)--Thread(Thread[main,5,main])--CREATE TABLE TB_PERGUNTA (ID BIGINT AUTO_INCREMENT NOT NULL, TXT_PERGUNTA VARCHAR(2000) NOT NULL, PRIMARY KEY (ID))
[EL Fine]: sql: 2018-05-10 09:49:36.236--ServerSession(1990451863)--Connection(310016558)--Thread(Thread[main,5,main])--CREATE TABLE TB_TELEFONE_ALUNO (ID_ALUNO BIGINT NOT NULL, TXT_NUM_TELEFONE VARCHAR(20) NOT NULL)
[EL Fine]: sql: 2018-05-10 09:49:37.009--ServerSession(1990451863)--Connection(310016558)--Thread(Thread[main,5,main])--CREATE TABLE TB_TELEFONE_PT (ID_PERSONALTRAINER BIGINT NOT NULL, TXT_NUM_TELEFONE VARCHAR(20) NOT NULL)
[EL Fine]: sql: 2018-05-10 09:49:37.284--ServerSession(1990451863)--Connection(310016558)--Thread(Thread[main,5,main])--ALTER TABLE TB_EXERCICIO ADD CONSTRAINT FK_TB_EXERCICIO_ID_ALUNO FOREIGN KEY (ID_ALUNO) REFERENCES TB_USUARIO (ID)
[EL Fine]: sql: 2018-05-10 09:49:38.091--ServerSession(1990451863)--Connection(310016558)--Thread(Thread[main,5,main])--ALTER TABLE TB_ALUNO ADD CONSTRAINT FK_TB_ALUNO_ID_PT FOREIGN KEY (ID_PT) REFERENCES TB_USUARIO (ID)
[EL Fine]: sql: 2018-05-10 09:49:38.751--ServerSession(1990451863)--Connection(310016558)--Thread(Thread[main,5,main])--ALTER TABLE TB_ALUNO ADD CONSTRAINT FK_TB_ALUNO_ID_USUARIO FOREIGN KEY (ID_USUARIO) REFERENCES TB_USUARIO (ID)
[EL Fine]: sql: 2018-05-10 09:49:39.657--ServerSession(1990451863)--Connection(310016558)--Thread(Thread[main,5,main])--ALTER TABLE TB_PERSONALTRAINER ADD CONSTRAINT FK_TB_PERSONALTRAINER_ID_USUARIO FOREIGN KEY (ID_USUARIO) REFERENCES TB_USUARIO (ID)
[EL Fine]: sql: 2018-05-10 09:49:40.239--ServerSession(1990451863)--Connection(310016558)--Thread(Thread[main,5,main])--ALTER TABLE TB_AVALIACAO ADD CONSTRAINT FK_TB_AVALIACAO_ID_ALUNO FOREIGN KEY (ID_ALUNO) REFERENCES TB_USUARIO (ID)
[EL Fine]: sql: 2018-05-10 09:49:41.6--ServerSession(1990451863)--Connection(310016558)--Thread(Thread[main,5,main])--ALTER TABLE TB_AV_PERG ADD CONSTRAINT FK_TB_AV_PERG_ID_AV FOREIGN KEY (ID_AV) REFERENCES TB_AVALIACAO (ID)
[EL Fine]: sql: 2018-05-10 09:49:42.382--ServerSession(1990451863)--Connection(310016558)--Thread(Thread[main,5,main])--ALTER TABLE TB_AV_PERG ADD CONSTRAINT FK_TB_AV_PERG_ID_PERG FOREIGN KEY (ID_PERG) REFERENCES TB_PERGUNTA (ID)
[EL Fine]: sql: 2018-05-10 09:49:43.1--ServerSession(1990451863)--Connection(310016558)--Thread(Thread[main,5,main])--ALTER TABLE TB_TELEFONE_ALUNO ADD CONSTRAINT FK_TB_TELEFONE_ALUNO_ID_ALUNO FOREIGN KEY (ID_ALUNO) REFERENCES TB_USUARIO (ID)
[EL Fine]: sql: 2018-05-10 09:49:43.784--ServerSession(1990451863)--Connection(310016558)--Thread(Thread[main,5,main])--ALTER TABLE TB_TELEFONE_PT ADD CONSTRAINT FK_TB_TELEFONE_PT_ID_PERSONALTRAINER FOREIGN KEY (ID_PERSONALTRAINER) REFERENCES TB_USUARIO (ID)
</system-out>
    <system-err>mai 10, 2018 9:49:26 AM org.hibernate.validator.internal.util.Version &lt;clinit&gt;
INFO: HV000001: Hibernate Validator 5.1.3.Final
SLF4J: Failed to load class &quot;org.slf4j.impl.StaticLoggerBinder&quot;.
SLF4J: Defaulting to no-operation (NOP) logger implementation
SLF4J: See http://www.slf4j.org/codes.html#StaticLoggerBinder for further details.
mai 10, 2018 9:49:50 AM org.hibernate.validator.internal.engine.messageinterpolation.InterpolationTerm interpolateExpressionLanguageTerm
WARN: HV000129: EL expression &apos;${value}&apos; references an unknown property
javax.el.PropertyNotFoundException: Cannot find property value
	at org.hibernate.validator.internal.engine.messageinterpolation.el.RootResolver.getValue(RootResolver.java:64)
	at javax.el.CompositeELResolver.getValue(CompositeELResolver.java:188)
	at com.sun.el.parser.AstIdentifier.getValue(AstIdentifier.java:103)
	at com.sun.el.ValueExpressionImpl.getValue(ValueExpressionImpl.java:224)
	at org.hibernate.validator.internal.engine.messageinterpolation.InterpolationTerm.interpolateExpressionLanguageTerm(InterpolationTerm.java:112)
	at org.hibernate.validator.internal.engine.messageinterpolation.InterpolationTerm.interpolate(InterpolationTerm.java:90)
	at org.hibernate.validator.messageinterpolation.ResourceBundleMessageInterpolator.interpolateExpression(ResourceBundleMessageInterpolator.java:342)
	at org.hibernate.validator.messageinterpolation.ResourceBundleMessageInterpolator.interpolateMessage(ResourceBundleMessageInterpolator.java:298)
	at org.hibernate.validator.messageinterpolation.ResourceBundleMessageInterpolator.interpolate(ResourceBundleMessageInterpolator.java:182)
	at org.hibernate.validator.internal.engine.ValidationContext.interpolate(ValidationContext.java:362)
	at org.hibernate.validator.internal.engine.ValidationContext.createConstraintViolation(ValidationContext.java:271)
	at org.hibernate.validator.internal.engine.ValidationContext.createConstraintViolations(ValidationContext.java:232)
	at org.hibernate.validator.internal.engine.constraintvalidation.ConstraintTree.validateSingleConstraint(ConstraintTree.java:291)
	at org.hibernate.validator.internal.engine.constraintvalidation.ConstraintTree.validateConstraints(ConstraintTree.java:133)
	at org.hibernate.validator.internal.engine.constraintvalidation.ConstraintTree.validateComposingConstraints(ConstraintTree.java:233)
	at org.hibernate.validator.internal.engine.constraintvalidation.ConstraintTree.validateConstraints(ConstraintTree.java:102)
	at org.hibernate.validator.internal.engine.constraintvalidation.ConstraintTree.validateConstraints(ConstraintTree.java:91)
	at org.hibernate.validator.internal.metadata.core.MetaConstraint.validateConstraint(MetaConstraint.java:83)
	at org.hibernate.validator.internal.engine.ValidatorImpl.validateConstraint(ValidatorImpl.java:547)
	at org.hibernate.validator.internal.engine.ValidatorImpl.validateConstraintsForDefaultGroup(ValidatorImpl.java:487)
	at org.hibernate.validator.internal.engine.ValidatorImpl.validateConstraintsForCurrentGroup(ValidatorImpl.java:451)
	at org.hibernate.validator.internal.engine.ValidatorImpl.validateInContext(ValidatorImpl.java:403)
	at org.hibernate.validator.internal.engine.ValidatorImpl.validate(ValidatorImpl.java:206)
	at org.eclipse.persistence.internal.jpa.metadata.listeners.BeanValidationListener.validateOnCallbackEvent(BeanValidationListener.java:84)
	at org.eclipse.persistence.internal.jpa.metadata.listeners.BeanValidationListener.prePersist(BeanValidationListener.java:62)
	at org.eclipse.persistence.descriptors.DescriptorEventManager.notifyListener(DescriptorEventManager.java:748)
	at org.eclipse.persistence.descriptors.DescriptorEventManager.notifyEJB30Listeners(DescriptorEventManager.java:691)
	at org.eclipse.persistence.descriptors.DescriptorEventManager.executeEvent(DescriptorEventManager.java:229)
	at org.eclipse.persistence.internal.sessions.UnitOfWorkImpl.registerNewObjectClone(UnitOfWorkImpl.java:4316)
	at org.eclipse.persistence.internal.sessions.UnitOfWorkImpl.registerNotRegisteredNewObjectForPersist(UnitOfWorkImpl.java:4293)
	at org.eclipse.persistence.internal.sessions.RepeatableWriteUnitOfWork.registerNotRegisteredNewObjectForPersist(RepeatableWriteUnitOfWork.java:518)
	at org.eclipse.persistence.internal.sessions.UnitOfWorkImpl.registerNewObjectForPersist(UnitOfWorkImpl.java:4235)
	at org.eclipse.persistence.internal.jpa.EntityManagerImpl.persist(EntityManagerImpl.java:496)
	at com.mycompany.personaltech.ValidationTest.Test_01(ValidationTest.java:116)
	at sun.reflect.NativeMethodAccessorImpl.invoke0(Native Method)
	at sun.reflect.NativeMethodAccessorImpl.invoke(NativeMethodAccessorImpl.java:62)
	at sun.reflect.DelegatingMethodAccessorImpl.invoke(DelegatingMethodAccessorImpl.java:43)
	at java.lang.reflect.Method.invoke(Method.java:498)
	at org.junit.runners.model.FrameworkMethod$1.runReflectiveCall(FrameworkMethod.java:47)
	at org.junit.internal.runners.model.ReflectiveCallable.run(ReflectiveCallable.java:12)
	at org.junit.runners.model.FrameworkMethod.invokeExplosively(FrameworkMethod.java:44)
	at org.junit.internal.runners.statements.InvokeMethod.evaluate(InvokeMethod.java:17)
	at org.junit.internal.runners.statements.RunBefores.evaluate(RunBefores.java:26)
	at org.junit.internal.runners.statements.RunAfters.evaluate(RunAfters.java:27)
	at org.junit.runners.ParentRunner.runLeaf(ParentRunner.java:271)
	at org.junit.runners.BlockJUnit4ClassRunner.runChild(BlockJUnit4ClassRunner.java:70)
	at org.junit.runners.BlockJUnit4ClassRunner.runChild(BlockJUnit4ClassRunner.java:50)
	at org.junit.runners.ParentRunner$3.run(ParentRunner.java:238)
	at org.junit.runners.ParentRunner$1.schedule(ParentRunner.java:63)
	at org.junit.runners.ParentRunner.runChildren(ParentRunner.java:236)
	at org.junit.runners.ParentRunner.access$000(ParentRunner.java:53)
	at org.junit.runners.ParentRunner$2.evaluate(ParentRunner.java:229)
	at org.junit.internal.runners.statements.RunBefores.evaluate(RunBefores.java:26)
	at org.junit.internal.runners.statements.RunAfters.evaluate(RunAfters.java:27)
	at org.junit.runners.ParentRunner.run(ParentRunner.java:309)
	at org.apache.maven.surefire.junit4.JUnit4TestSet.execute(JUnit4TestSet.java:45)
	at org.apache.maven.surefire.junit4.JUnit4Provider.executeTestSet(JUnit4Provider.java:123)
	at org.apache.maven.surefire.junit4.JUnit4Provider.invoke(JUnit4Provider.java:104)
	at sun.reflect.NativeMethodAccessorImpl.invoke0(Native Method)
	at sun.reflect.NativeMethodAccessorImpl.invoke(NativeMethodAccessorImpl.java:62)
	at sun.reflect.DelegatingMethodAccessorImpl.invoke(DelegatingMethodAccessorImpl.java:43)
	at java.lang.reflect.Method.invoke(Method.java:498)
	at org.apache.maven.surefire.util.ReflectionUtils.invokeMethodWithArray(ReflectionUtils.java:164)
	at org.apache.maven.surefire.booter.ProviderFactory$ProviderProxy.invoke(ProviderFactory.java:110)
	at org.apache.maven.surefire.booter.SurefireStarter.invokeProvider(SurefireStarter.java:175)
	at org.apache.maven.surefire.booter.SurefireStarter.runSuitesInProcessWhenForked(SurefireStarter.java:107)
	at org.apache.maven.surefire.booter.ForkedBooter.main(ForkedBooter.java:68)

mai 10, 2018 9:49:50 AM com.mycompany.personaltech.ValidationTest Test_01
INFO: Bean Validation constraint(s) violated while executing Automatic Bean Validation on callback event:&apos;prePersist&apos;. Please refer to embedded ConstraintViolations for details.
mai 10, 2018 9:49:50 AM com.mycompany.personaltech.ValidationTest Test_01
INFO: class com.mycompany.personaltech.Aluno.sobrenome: may not be empty


mai 10, 2018 9:49:50 AM com.mycompany.personaltech.ValidationTest Test_01
INFO: class com.mycompany.personaltech.Aluno.dataNascimento: must be in the past


mai 10, 2018 9:49:50 AM com.mycompany.personaltech.ValidationTest Test_01
INFO: class com.mycompany.personaltech.Aluno.cpf: invalid Brazilian individual taxpayer registry number (CPF)


mai 10, 2018 9:49:50 AM com.mycompany.personaltech.ValidationTest commitTransaction
SEVERE: Transaction rolled back because transaction was set to RollbackOnly.
javax.persistence.RollbackException: Transaction rolled back because transaction was set to RollbackOnly.
	at org.eclipse.persistence.internal.jpa.transaction.EntityTransactionImpl.commit(EntityTransactionImpl.java:141)
	at com.mycompany.personaltech.ValidationTest.commitTransaction(ValidationTest.java:77)
	at com.mycompany.personaltech.ValidationTest.tearDown(ValidationTest.java:66)
	at sun.reflect.NativeMethodAccessorImpl.invoke0(Native Method)
	at sun.reflect.NativeMethodAccessorImpl.invoke(NativeMethodAccessorImpl.java:62)
	at sun.reflect.DelegatingMethodAccessorImpl.invoke(DelegatingMethodAccessorImpl.java:43)
	at java.lang.reflect.Method.invoke(Method.java:498)
	at org.junit.runners.model.FrameworkMethod$1.runReflectiveCall(FrameworkMethod.java:47)
	at org.junit.internal.runners.model.ReflectiveCallable.run(ReflectiveCallable.java:12)
	at org.junit.runners.model.FrameworkMethod.invokeExplosively(FrameworkMethod.java:44)
	at org.junit.internal.runners.statements.RunAfters.evaluate(RunAfters.java:33)
	at org.junit.runners.ParentRunner.runLeaf(ParentRunner.java:271)
	at org.junit.runners.BlockJUnit4ClassRunner.runChild(BlockJUnit4ClassRunner.java:70)
	at org.junit.runners.BlockJUnit4ClassRunner.runChild(BlockJUnit4ClassRunner.java:50)
	at org.junit.runners.ParentRunner$3.run(ParentRunner.java:238)
	at org.junit.runners.ParentRunner$1.schedule(ParentRunner.java:63)
	at org.junit.runners.ParentRunner.runChildren(ParentRunner.java:236)
	at org.junit.runners.ParentRunner.access$000(ParentRunner.java:53)
	at org.junit.runners.ParentRunner$2.evaluate(ParentRunner.java:229)
	at org.junit.internal.runners.statements.RunBefores.evaluate(RunBefores.java:26)
	at org.junit.internal.runners.statements.RunAfters.evaluate(RunAfters.java:27)
	at org.junit.runners.ParentRunner.run(ParentRunner.java:309)
	at org.apache.maven.surefire.junit4.JUnit4TestSet.execute(JUnit4TestSet.java:45)
	at org.apache.maven.surefire.junit4.JUnit4Provider.executeTestSet(JUnit4Provider.java:123)
	at org.apache.maven.surefire.junit4.JUnit4Provider.invoke(JUnit4Provider.java:104)
	at sun.reflect.NativeMethodAccessorImpl.invoke0(Native Method)
	at sun.reflect.NativeMethodAccessorImpl.invoke(NativeMethodAccessorImpl.java:62)
	at sun.reflect.DelegatingMethodAccessorImpl.invoke(DelegatingMethodAccessorImpl.java:43)
	at java.lang.reflect.Method.invoke(Method.java:498)
	at org.apache.maven.surefire.util.ReflectionUtils.invokeMethodWithArray(ReflectionUtils.java:164)
	at org.apache.maven.surefire.booter.ProviderFactory$ProviderProxy.invoke(ProviderFactory.java:110)
	at org.apache.maven.surefire.booter.SurefireStarter.invokeProvider(SurefireStarter.java:175)
	at org.apache.maven.surefire.booter.SurefireStarter.runSuitesInProcessWhenForked(SurefireStarter.java:107)
	at org.apache.maven.surefire.booter.ForkedBooter.main(ForkedBooter.java:68)

</system-err>
  </testcase>
</testsuite>